Using pre-set license
Built from '2020.3/staging' branch; Version is '2020.3.8f1 (507919d4fff5) revision 5273881'; Using compiler version '192528614'; Build Type 'Release'
OS: 'Windows 10 Pro; OS build 19042.1237; Version 2009; 64bit' Language: 'en' Physical Memory: 16310 MB
BatchMode: 1, IsHumanControllingUs: 0, StartBugReporterOnCrash: 0, Is64bit: 1, IsPro: 0

 COMMAND LINE ARGUMENTS:
D:\Unity\2020.3.8f1\Editor\Unity.exe
-adb2
-batchMode
-noUpm
-name
AssetImportWorker0
-projectPath
D:/projects/.GitHub/Coop-Platformer
-logFile
Logs/AssetImportWorker0.log
-srvPort
58632
Successfully changed project path to: D:/projects/.GitHub/Coop-Platformer
D:/projects/.GitHub/Coop-Platformer
Using Asset Import Pipeline V2.
Refreshing native plugins compatible for Editor in 60.26 ms, found 1 plugins.
Preloading 0 native plugins for Editor in 0.00 ms.
Initialize engine version: 2020.3.8f1 (507919d4fff5)
[Subsystems] Discovering subsystems at path D:/Unity/2020.3.8f1/Editor/Data/Resources/UnitySubsystems
[Subsystems] Discovering subsystems at path D:/projects/.GitHub/Coop-Platformer/Assets
GfxDevice: creating device client; threaded=0
Direct3D:
    Version:  Direct3D 11.0 [level 11.1]
    Renderer: NVIDIA GeForce RTX 2060 (ID=0x1f08)
    Vendor:   
    VRAM:     5980 MB
    Driver:   27.21.14.6663
Shader 'Universal Render Pipeline/Particles/Lit': fallback shader 'Universal Render Pipeline/Particles/SimpleLit' not found
Initialize mono
Mono path[0] = 'D:/Unity/2020.3.8f1/Editor/Data/Managed'
Mono path[1] = 'D:/Unity/2020.3.8f1/Editor/Data/MonoBleedingEdge/lib/mono/unityjit'
Mono config path = 'D:/Unity/2020.3.8f1/Editor/Data/MonoBleedingEdge/etc'
Using monoOptions --debugger-agent=transport=dt_socket,embedding=1,server=y,suspend=n,address=127.0.0.1:56352
Begin MonoManager ReloadAssembly
Registering precompiled unity dll's ...
Register platform support module: D:/Unity/2020.3.8f1/Editor/Data/PlaybackEngines/WindowsStandaloneSupport/UnityEditor.WindowsStandalone.Extensions.dll
Register platform support module: D:/Unity/2020.3.8f1/Editor/Data/PlaybackEngines/LinuxStandaloneSupport/UnityEditor.LinuxStandalone.Extensions.dll
Registered in 0.001184 seconds.
Native extension for LinuxStandalone target not found
Native extension for WindowsStandalone target not found
Refreshing native plugins compatible for Editor in 60.09 ms, found 1 plugins.
Preloading 0 native plugins for Editor in 0.00 ms.
Mono: successfully reloaded assembly
- Completed reload, in  1.768 seconds
Platform modules already initialized, skipping
Registering precompiled user dll's ...
Registered in 0.002280 seconds.
Begin MonoManager ReloadAssembly
Native extension for LinuxStandalone target not found
Native extension for WindowsStandalone target not found
Refreshing native plugins compatible for Editor in 60.13 ms, found 1 plugins.
Preloading 0 native plugins for Editor in 0.00 ms.
Mono: successfully reloaded assembly
- Completed reload, in  0.960 seconds
Platform modules already initialized, skipping
========================================================================
Worker process is ready to serve import requests
Shader 'Universal Render Pipeline/Particles/Lit': fallback shader 'Universal Render Pipeline/Particles/SimpleLit' not found
Launched and connected shader compiler UnityShaderCompiler.exe after 0.03 seconds
Refreshing native plugins compatible for Editor in 0.68 ms, found 1 plugins.
Preloading 0 native plugins for Editor in 0.00 ms.
Unloading 3693 Unused Serialized files (Serialized files now loaded: 0)
System memory in use before: 157.2 MB.
System memory in use after: 157.2 MB.

Unloading 33 unused Assets to reduce memory usage. Loaded Objects now: 4135.
Total: 2.935400 ms (FindLiveObjects: 0.353100 ms CreateObjectMapping: 0.083000 ms MarkObjects: 2.368400 ms  DeleteObjects: 0.129500 ms)

========================================================================
Received Import Request.
  path: Assets/player-shoulders.png
  artifactKey: Guid(efadf63095803c54f8683aaf64196e34) Importer(815301076,1909f56bfc062723c751e8b465ee728b)
Start importing Assets/player-shoulders.png using Guid(efadf63095803c54f8683aaf64196e34) Importer(815301076,1909f56bfc062723c751e8b465ee728b)  -> (artifact id: 'afbcab7f8a21d3bdf9f3f7662942f1b6') in 0.116469 seconds
  Import took 0.121513 seconds .

========================================================================
Received Import Request.
  Time since last request: 505.099020 seconds.
  path: Assets/player-sheet.png
  artifactKey: Guid(c88edafd0192def44bc58abbe290b178) Importer(815301076,1909f56bfc062723c751e8b465ee728b)
Start importing Assets/player-sheet.png using Guid(c88edafd0192def44bc58abbe290b178) Importer(815301076,1909f56bfc062723c751e8b465ee728b)  -> (artifact id: 'd08d121414e5cdccb6a9faa633d008f0') in 0.013648 seconds
  Import took 0.019345 seconds .

========================================================================
Received Import Request.
  Time since last request: 97.103226 seconds.
  path: Assets/player-sheet.png
  artifactKey: Guid(c88edafd0192def44bc58abbe290b178) Importer(815301076,1909f56bfc062723c751e8b465ee728b)
Start importing Assets/player-sheet.png using Guid(c88edafd0192def44bc58abbe290b178) Importer(815301076,1909f56bfc062723c751e8b465ee728b)  -> (artifact id: 'baff9b5f011d98c8bc8ec10737b3f585') in 0.012923 seconds
  Import took 0.018400 seconds .

AssetImportWorkerClient::OnTransportError - code=2 error=End of file
